>>>verdiVcstResizeTopWin
<<< Success : 
>>>verdiDockWidgetSetCurTab -dock windowDock_vcstConsole_2
<<< Success : 1
>>>::vcst::creatInstAction
<<< Success : 
>>>::vcst::createAnalyzerAction
<<< Success : 
>>>::vcst::creatResetLayoutAction
<<< Success : 
>>>set ::vcst::EnableUDWin 0
<<< Success : 0
>>>qwConfig -type nWave -cmds [list {qwAddToolBarGroup -group "UDWinGroup"}]
<<< Success : 
>>>srcSetOptions -lockActView on
<<< Success : 1
>>>source /usr/local/packages/synopsys_2020/vc_static/Q-2020.03-SP2/auxx/monet/tcl/menu.tcl

<<< Success : 1
>>>@@@Event: verdiActiveWindowChange(-win 1600c6e0)
>>>verdiVcstOnPropSelectionChanged -strNum 0 -propList {}
<<< Success : 
>>>verdiVcstSetAppmode -mode SEQ -fromVcst
<<< Success : 
>>>::vcst::changeLayout FPV SEQ
<<< Success : 1
>>>verdiVcstCheckFv -active -taskName SEQ
<<< Success : 
>>>set ::vcst::_fml_max_proof_depth {-1};set ::vcst::_fml_max_time {12H};catch {verdiVcstOnFmlVarChanged -key {fml_effort} -value {default}}
<<< Success : 0
>>>verdiVcstDesignLoaded
<<< Success : 
>>>@@@Event: verdiActiveWindowChange(-win 148ae410)
>>>@@@Event: swnTraceWindowType(-win "nTrace")
>>>@@@Event: swnTraceWindowType(-win "nTrace")
>>>verdiSetStatusMsg -win Verdi_1 -color red { Design import... cross probing not ready }
<<< Success : 1
>>>set ::vcst::_top "seq_top"
set ::vcst::_elab ""
set ::vcst::_elabOpts {}
set ::vcst::_rtdbDir {/home/ecelrc/students/jkhare/verif_labs/lab4/run/vcst_rtdb}
set ::vcst::_hiddenDir {.internal}
set ::vcst::_masterMode true
set ::vcst::_workLib "work"
set ::vcst::_upfOpts " -upf "
set ::vcst::_enableKdb "true"
set ::vcst::_simBinPath "seq_top.exe"
set ::vcst::_goldenUpfConfig {}
set ::vcst::_nldmNschema {false}
set ::vcst::_kdbAlias {false}
set ::vcst::_covDut {}
set ::vcst::_splitbus {false}
set ::vcst::_enableVerdiLog {1}
set ::vcst::_fml_max_proof_depth {-1}
set ::vcst::_smartLoad {false}
set ::vcst::_diucFlow {false}
set ::vcst::_libArgs ""
set ::vcst::_seqXmlFile "/home/ecelrc/students/jkhare/verif_labs/lab4/run/vcst_rtdb/.internal/formal/verdiSeqMapping.xml"
schSetPreference -turboLibs {} -turboLibPaths {}
verdiSetPrefEnv -bSpecifyWindowTitleForDockContainer off
paSetPreference -brightenPowerColor on
schSetPreference -showPassThroughNet on
paSetPreference -AnnotateSignal off
paSetPreference -highlightPowerObject off
srcAssertSetOpt -addSigToWave 0 -addSigWithExpGrp 1 -maskWave 0 -ShowCycleInfo 1
verdiRunVcst -on
schSetVCSTDelimiter -hierDelim .
srcSetXpropOption "tmerge"
set ::vcst::_powerDbDir ""
set ::vcst::_bRestore ""
verdiDockWidgetFix -dock widgetDock_VCF:GoalList
::vcst::loadMainWin "0"
verdiDockWidgetUnfix -dock widgetDock_VCF:GoalList

setStyleFvProgress -css {font-family:Bitstream Vera Sans monospace;font-size:11px}
setStyleFvGoalProgress -css {font-family:Bitstream Vera Sans monospace;font-size:11px}
verdiSetFont -font "Bitstream Vera Sans" -size "11"
verdiSetPrefEnv -monoFontSize "11"
verdiVcstEnableAppMode -enable FRV

verdiRunVcstCmd "action aaVerdiWaitAnnotation -trigger
" -no_wait
verdiRunVcstCmd "action aaMonetSetReuseWave -data \{[verdiGetRCValue -section appSetting -key reuseWave]\}
" -no_wait
>>>@@@Event: srcImportDesign(seq_top)
>>>verdiSetStatusMsg -win Verdi_1 -color black { Design import ready }
<<< Success : 1
>>>@@@Event: srcChangeScope(seq_top)
>>>@@@Event: srcHBTreeSelect({ 1 {seq_top}})
>>>@@@Event: srcHBTreeSelect({ 1 {seq_top}})
>>>@@@Event: srcGetSnipSignal(srcGetSnipSignal)
>>>@@@Event: srcGetBlackbox(srcGetBlackbox)
>>>@@@Event: srcChangeScope(seq_top.impl)
>>>@@@Event: srcHBTreeSelect({ 1 {seq_top.impl}})
>>>@@@Event: verdiRunVcstCmd(action aaVerdiWaitAnnotation -trigger
 -no_wait)
>>>verdiGetVcstCmdResult -xmlstr {<Command name="action" received="1"></Command>}

<<< Success : 1
>>>verdiGetVcstCmdResult -xmlstr {<Command name="action" status="1"></Command>}

<<< Success : 1
>>>@@@Event: verdiRunVcstCmd(action aaMonetSetReuseWave -data {}
 -no_wait)
>>>verdiGetVcstCmdResult -xmlstr {<Command name="action" received="1"></Command>}

<<< Success : 1
>>>verdiGetVcstCmdResult -xmlstr {<Command name="action" status="1"></Command>}

<<< Success : 1
<<< Success : 1
>>>verdiSetPrefEnv -bDockNewWindowInContainerWhenFindSameType "off"
<<< Success : 1
>>>set ::vcst::_bRestore ""
<<< Success : 
>>>verdiLayoutFreeze -off
<<< Success : 1
>>>verdiToolBar -rm toolbarHB_TOGGLE_PANEL toolbarHB_EMULATION_PANEL toolbarHB_PRODTYPE_PANEL UVM_AWARE_DEBUG AMS_CONFIG_TOOLBAR NOVAS_TBBR_INTERACTIVEVIEW_PANEL NOVAS_TBBR_DEBUG_REWIND_COMMAND NOVAS_TBBR_DEBUG_REWIND_UNDO_REDO_COMMAND NOVAS_TBBR_DEBUG_REVERSE_COMMAND NOVAS_TBBR_DEBUG_VSIM_COMMAND NOVAS_EMULATION_DEBUG_COMMAND CVG_CER_PANEL
<<< Success : 1
>>>verdiSetSeqDebug -xml {/home/ecelrc/students/jkhare/verif_labs/lab4/run/vcst_rtdb/.internal/formal/verdiSeqMapping.xml}
>>>verdiVcstOnPropSelectionChanged -strNum 0 -propList {}
<<< Success : 
<<< Success : 1
>>>verdiVcstDesignLoaded
<<< Success : 
>>>verdiGetVcstCmdResult -xmlstr {<Command name="sim_run" status="1" />}
<<< Success : 1
>>>verdiGetVcstCmdResult -xmlstr {<Command name="sim_save_reset" status="1" />}
<<< Success : 1
>>>report_fv_complexity -silent -sim_save_reset
<<< Success : 1
>>>verdiSetSeqDebug -xml {/home/ecelrc/students/jkhare/verif_labs/lab4/run/vcst_rtdb/.internal/formal/verdiSeqMapping.xml}
<<< Success : 1
>>>verdiLayoutFreeze -off
<<< Success : 1
>>>::vcst::showDebugViews -1 false false setupSource
<<< Success : 1
>>>verdiWindowMoveDockTab -win Verdi_1 widgetDock_VCF:Shell widgetDock_VCF:GoalList widgetDock_<Message>
verdiDockWidgetSetCurTab -dock widgetDock_VCF:GoalList

<<< Success : 1
>>>verdiDockWidgetSetCurTab -dock widgetDock_VCF:TaskList
<<< Success : 1
>>>verdiVcstSetAppmode -mode SEQ -fromVcst
<<< Success : 
>>>verdiDockWidgetSetCurTab -dock widgetDock_VCF:GoalList
<<< Success : 1
>>>srcSetSnipSignal -reset
<<< Success : 1
>>>report_fv_complexity -silent
<<< Success : 1
>>>vcstPropertyDensityShow -silent abstraction
<<< Success : 0
>>>srcSetSnipSignal -file {/home/ecelrc/students/jkhare/verif_labs/lab4/run/vcst_rtdb/.internal/verdi/snip_signals.list}
<<< Success : 0
>>>report_fv_complexity -silent
<<< Success : 1
>>>vcstPropertyDensityShow -silent abstraction
<<< Success : 0
>>>srcSetBlackbox   -delim {.}
<<< Success : 0
>>>srcSetGlassbox  -delim {.}
<<< Success : 0
>>>srcSetSnipSignal -reset
<<< Success : 1
>>>report_fv_complexity -silent
<<< Success : 1
>>>vcstPropertyDensityShow -silent abstraction
<<< Success : 0
>>>srcSetSnipSignal -file {/home/ecelrc/students/jkhare/verif_labs/lab4/run/vcst_rtdb/.internal/verdi/snip_signals.list}
<<< Success : 0
>>>report_fv_complexity -silent
<<< Success : 1
>>>vcstPropertyDensityShow -silent abstraction
<<< Success : 0
>>>verdiVcstConstantReport -xmlFile /home/ecelrc/students/jkhare/verif_labs/lab4/run/vcst_rtdb/.internal/verdi/constant.xml 
<<< Success : 0
>>>verdiSetRCValue -section appSetting -key conSize -value {PROPERTY_CLASS,100:PROPERTY_LANGUAGE,138:PROPERTY_NAME,409:PROPERTY_TYPE,100:PROPERTY_USAGE,100:PROPERTY_VACUITY,100:PROPERTY_WITNESS,100:};
<<< Success : 
>>>verdiVcstSetErrorIdentifier
<<< Success : 
>>>schSetPreference -displayAbstractSrc on 
<<< Success : 1
>>>@@@Event: swnTraceWindowType(-win "nTrace")
>>>verdiVcstCheckFv -taskName SEQ
>>>@@@Event: vcstReportFvProgress(gridUsage.xml gridUsage null)
<<< Success : 1
>>>vcstRunCovCmd -async gui_vcst_set_parameters -is_running true
<<< Success : 0
>>>verdiSetSeqDebug -xml {/home/ecelrc/students/jkhare/verif_labs/lab4/run/vcst_rtdb/.internal/formal/verdiSeqMapping.xml}
>>>receiveFvProgress /home/ecelrc/students/jkhare/verif_labs/lab4/run/vcst_rtdb/.internal/verdi/gridUsage.xml1
<<< Success : 1
<<< Success : 1
>>>verdiGetVcstCmdResult -xmlstr {<Command name="check_fv" status="1" />}
<<< Success : 1
>>>verdiSetRCValue -section appSetting -key conSize -value {PROPERTY_CLASS,100:PROPERTY_LANGUAGE,122:PROPERTY_NAME,409:PROPERTY_TYPE,100:PROPERTY_USAGE,100:PROPERTY_VACUITY,100:PROPERTY_WITNESS,100:};
<<< Success : 
>>>verdiVcstCheckFv -taskName SEQ
<<< Success : 
>>>vcstRunCovCmd -async gui_vcst_set_parameters -is_running false
<<< Success : 0
