12:16:57 : Disable event(s) list: aaMonetBanffGetPropSummaryResults aaMonetEvReportDbUpdated aaMonetBanffGetPropSummary aaVerdiSendCmdDone aaMonetEvReportCompressFinished aaMonetBanffGetPropResults aaMonetCmdHelp aaMonetEvReportDbUpdating aaMonetEvFormalCoreInvalidated aaMonetEvReportWaiverStarted aaMonetEvReportCompressStarted aaMonetEvErrorMsg aaMonetEvReportWaiverFinished
12:16:58 : Monet(R):UNodeAction -name aaMonetEvSourceCmdActive -data 1 -trigger

12:16:58 : Monet(S):aaAppGuiActive
12:17:01 : Monet(R):UNodeAction -name aaMonetEvSourceCmdActive -data 0 -trigger

12:17:01 : Monet(R):UNodeAction -name aaMonetEvSourceCmdActive -data 1 -trigger

12:17:01 : Monet(R):UNodeAction -name aaMonetEvSourceCmdActive -data 0 -trigger

12:17:01 : Monet(R):UNodeAction -name aaMonetEvSourceCmdActive -data 1 -trigger

12:17:01 : Monet(R):UNodeAction -name aaMonetEvSourceCmdActive -data 0 -trigger

12:17:01 : Monet(R):UNodeAction -name aaMonetEvSourceCmdActive -data 1 -trigger

12:17:01 : Monet(R):UNodeAction -name aaMonetEvSourceCmdActive -data 0 -trigger

12:17:01 : Monet(R):UNodeAction -name aaMonetEvSourceCmdActive -data 1 -trigger

12:17:01 : Monet(R):UNodeAction -name aaMonetEvSourceCmdActive -data 0 -trigger

12:17:01 : Monet(R):UNodeAction -name aaMonetEvSourceCmdActive -data 1 -trigger

12:17:01 : Monet(R):UNodeAction -name aaMonetEvSourceCmdActive -data 0 -trigger

12:17:01 : Monet(R):UNodeAction -name aaMonetEvSourceCmdActive -data 1 -trigger

12:17:01 : Monet(R):UNodeAction -name aaMonetEvSourceCmdActive -data 0 -trigger

12:17:01 : Monet(R):UNodeAction -name aaMonetEvSourceCmdActive -data 1 -trigger

12:17:01 : Monet(R):UNodeAction -name aaMonetEvSourceCmdActive -data 0 -trigger

12:17:01 : Monet(R):UNodeAction -name aaMonetEvSourceCmdActive -data 1 -trigger

12:17:01 : Monet(R):UNodeAction -name aaMonetEvSourceCmdActive -data 0 -trigger

12:17:01 : Monet(R):UNodeAction -name aaMonetEvGvarState -data {hierarchy_delimiter=.}

12:17:01 : Monet(R):UNodeAction -name aaMonetEvGvarState -data {share_libcells=false}

12:17:01 : Monet(R):UNodeAction -name aaMonetEvGvarState -data {keep_source_loc_expr=true}

12:17:01 : Monet(R):UNodeAction -name aaMonetEvGvarState -data {fml_mode_on=true}

12:17:01 : Monet(S):aaMonetGetCmdHelp
12:17:01 : Monet(R):UNodeAction -name aaMonetEvGvarState -data {async_command_max_parallel_count=8}

12:17:01 : Monet(R):UNodeAction -name aaMonetEvGvarState -data {auto_correct_waiver_name=false}

12:17:01 : Monet(R):UNodeAction -name aaMonetEvGvarState -data {cdc_vector_merged_bits_simplify_level=3}

12:17:01 : Monet(R):UNodeAction -name aaMonetEvGvarState -data {default_waiver_file=}

12:17:01 : Monet(R):UNodeAction -name aaMonetEvGvarState -data {disable_abstract_nschema_linking=false}

12:17:01 : Monet(R):UNodeAction -name aaMonetEvGvarState -data {disable_waiver_command_prints=false}

12:17:01 : Monet(R):UNodeAction -name aaMonetEvGvarState -data {dpv_regression_mode=false}

12:17:01 : Monet(R):UNodeAction -name aaMonetEvGvarState -data {dump_signature_in_violation=false}

12:17:01 : Monet(R):UNodeAction -name aaMonetEvGvarState -data {enable_all_fields_to_create_filter=true}

12:17:01 : Monet(R):UNodeAction -name aaMonetEvGvarState -data {enable_cdc=false}

12:17:01 : Monet(R):UNodeAction -name aaMonetEvGvarState -data {enable_compressed_group=true}

12:17:01 : Monet(R):UNodeAction -name aaMonetEvGvarState -data {enable_dc_naming_style=false}

12:17:01 : Monet(R):UNodeAction -name aaMonetEvGvarState -data {enable_nextgen_cdc=false}

12:17:01 : Monet(R):UNodeAction -name aaMonetEvGvarState -data {enable_nldm_nschema=true}

12:17:01 : Monet(R):UNodeAction -name aaMonetEvGvarState -data {enable_nldm_nschema_thread=true}

12:17:01 : Monet(R):UNodeAction -name aaMonetEvGvarState -data {enable_nschema_container=true}

12:17:01 : Monet(R):UNodeAction -name aaMonetEvGvarState -data {enable_plato_db_population=true}

12:17:01 : Monet(R):UNodeAction -name aaMonetEvGvarState -data {enable_rdc_waveform_reset_order_graph=true}

12:17:01 : Monet(R):UNodeAction -name aaMonetEvGvarState -data {enable_sam_rtl_annotation=false}

12:17:01 : Monet(R):UNodeAction -name aaMonetEvGvarState -data {enable_signature_to_create_waiver=true}

12:17:01 : Monet(R):UNodeAction -name aaMonetEvGvarState -data {enable_verdi_background=true}

12:17:01 : Monet(R):UNodeAction -name aaMonetEvGvarState -data {enable_verdi_background_at_check=false}

12:17:01 : Monet(R):UNodeAction -name aaMonetEvGvarState -data {enable_verdi_debug=true}

12:17:01 : Monet(R):UNodeAction -name aaMonetEvGvarState -data {enable_verdi_kdb_smart_elab=false}

12:17:01 : Monet(R):UNodeAction -name aaMonetEvGvarState -data {enable_verdi_symbolic_schematic=false}

12:17:01 : Monet(R):UNodeAction -name aaMonetEvGvarState -data {field_delimiter=.}

12:17:01 : Monet(R):UNodeAction -name aaMonetEvGvarState -data {fml_cc_coverage_analyzer=false}

12:17:01 : Monet(R):UNodeAction -name aaMonetEvGvarState -data {fml_composite_trace=true}

12:17:01 : Monet(R):UNodeAction -name aaMonetEvGvarState -data {fml_cov_fast_mode=false}

12:17:01 : Monet(R):UNodeAction -name aaMonetEvGvarState -data {fml_cov_gen_trace=default}

12:17:01 : Monet(R):UNodeAction -name aaMonetEvGvarState -data {fml_cov_llk_trace_enable=unlimited}

12:17:01 : Monet(R):UNodeAction -name aaMonetEvGvarState -data {fml_mode_on=true}

12:17:01 : Monet(R):UNodeAction -name aaMonetEvGvarState -data {fml_vacuity_on=true}

12:17:01 : Monet(R):UNodeAction -name aaMonetEvGvarState -data {fml_vdac_disable=false}

12:17:01 : Monet(R):UNodeAction -name aaMonetEvGvarState -data {fml_witness_on=false}

12:17:01 : Monet(R):UNodeAction -name aaMonetEvGvarState -data {gui_load_filter_group_mode=true}

12:17:01 : Monet(R):UNodeAction -name aaMonetEvGvarState -data {hide_waive_this_item_link=false}

12:17:01 : Monet(R):UNodeAction -name aaMonetEvGvarState -data {hierarchy_delimiter=.}

12:17:01 : Monet(R):UNodeAction -name aaMonetEvGvarState -data {include_filter_field_comments=false}

12:17:01 : Monet(R):UNodeAction -name aaMonetEvGvarState -data {info_disp_elems=0}

12:17:01 : Monet(R):UNodeAction -name aaMonetEvGvarState -data {keep_source_loc_expr=true}

12:17:01 : Monet(R):UNodeAction -name aaMonetEvGvarState -data {lint_functional_mode=false}

12:17:01 : Monet(R):UNodeAction -name aaMonetEvGvarState -data {lint_load_goal_results=false}

12:17:01 : Monet(R):UNodeAction -name aaMonetEvGvarState -data {lint_spyglass_mode=false}

12:17:01 : Monet(R):UNodeAction -name aaMonetEvGvarState -data {scroll_table_speed=1}

12:17:01 : Monet(R):UNodeAction -name aaMonetEvGvarState -data {select_create_waiver_fields=signature}

12:17:01 : Monet(R):UNodeAction -name aaMonetEvGvarState -data {show_disabled_prop=true}

12:17:01 : Monet(R):UNodeAction -name aaMonetEvGvarState -data {struct_delimiter=.}

12:17:01 : Monet(R):UNodeAction -name aaMonetEvGvarState -data {verdi_postelab_to_check=false}

12:17:01 : Monet(R):UNodeAction -name aaMonetEvGvarState -data {verdi_table_font=}

12:17:01 : Monet(R):UNodeAction -name aaMonetEvGvarState -data {verdi_vc_console_hotkey=null}

12:17:02 : Monet(R):UNodeAction -name aaMonetEvSourceCmdActive -data 1 -trigger

12:17:02 : Monet(S):aaMonetFvGetTaskAttrs
12:17:02 : Monet(R):UNodeAction -name aaMonetEvTask -reset -active -tid 4 -tname SEQ,SEQ -trigger

12:17:02 : Monet(R):UNodeAction -name aaMonetEvDesignLoading  -trigger

12:17:02 : Monet(R):UNodeAction -name aaVerdiEnableKdb -data {true} -trigger

12:17:02 : Monet(R):UNodeAction -name aaVerdiSetWorkLib -data {work} -trigger

12:17:02 : Monet(R):UNodeAction -name aaVerdiCompileLog -data {} -trigger

12:17:02 : Monet(R):UNodeAction -name aaMonetFvPassTaskAttrs -time {12H} -depth {-1} -effort {default} -effortConstraint {default easy low high bounded bug_hunting bitlevel_hard no_decompose_expensive} -trigger

12:17:02 : Monet(R):UNodeAction -name aaMonetEvDesignLoaded -data 1 -trigger

12:17:02 : Monet(R):UNodeAction -name aaMonetEvElabDesign  -trigger

12:17:02 : Monet(R):UNodeAction -name aaVerdiEnableKdb -data {true} -trigger

12:17:02 : Monet(R):UNodeAction -name aaVerdiSetWorkLib -data {work} -trigger

12:17:03 : Monet(R):UNodeAction -name aaVerdiSetSimBinPath -data {seq_top.exe} -trigger

12:17:03 : Monet(R):UNodeAction -name aaVerdiEvDesignTop -data {seq_top} -trigger

12:17:06 : Monet(R):UNodeAction -name aaVerdiRefreshPropertyTable  -trigger

12:17:08 : Monet(S):aaMonetSetVerdiDesignImportDone -data {1}
12:18:07 : Monet(R):UNodeAction -name aaVerdiEvCompile -finished {} -trigger

12:18:08 : Monet(R):UNodeAction -name aaVerdiEvSeqSetup -xml {/home/ecelrc/students/jkhare/verif_labs/lab4/run/vcst_rtdb/.internal/formal/verdiSeqMapping.xml} -trigger

12:18:08 : Monet(R):UNodeAction -name aaMonetEvElabDesignFinished -data 1 -trigger

12:18:08 : Monet(R):UNodeAction -name aaVerdiRefreshPropertyTable  -trigger

12:18:08 : Monet(R):UNodeAction -name aaVerdiConstantAnnotation  -trigger

12:18:08 : Monet(R):UNodeAction -name aaVerdiCmdTransport -reset -cmd verdiGetVcstCmdResult -args {<Command name="sim_run" status="1" />} -trigger

12:18:08 : Monet(R):UNodeAction -name aaVerdiCmdTransport -reset -cmd verdiGetVcstCmdResult -args {<Command name="sim_save_reset" status="1" />} -trigger

12:18:08 : Monet(R):UNodeAction -name aaVerdiEvSeqSetup -xml {/home/ecelrc/students/jkhare/verif_labs/lab4/run/vcst_rtdb/.internal/formal/verdiSeqMapping.xml} -trigger

12:18:08 : Monet(R):UNodeAction -name aaVerdiRefreshPropertyTable  -trigger

12:18:08 : Monet(R):UNodeAction -name aaVerdiRefreshPropertyTable  -trigger

12:18:08 : Monet(R):UNodeAction -name aaMonetEvSourceCmdActive -data 0 -trigger

12:18:08 : Monet(S):aaMonetBanffSavePropDBToStream -summary {1}
12:18:08 : Monet(S):aaMonetMasterUnblock -result {1}
12:18:08 : Monet(R):UNodeAction -name aaAppInvokeAction -cmd {aaMonetBanffSavePropDBToStream -reset -summary 1 -trigger } -trigger

12:18:08 : Monet(S):aaMonetDbg -apps {VCFV} -plain {1122215465}
12:18:09 : Monet(S):aaMonetMasterUnblock -result {1}
12:18:09 : Monet(R):UNodeAction -name aaVerdiSnipPointReport -reset -data {/home/ecelrc/students/jkhare/verif_labs/lab4/run/vcst_rtdb/.internal/verdi/snip_signals.list} -trigger

12:18:09 : Monet(S):aaMonetMasterUnblock -result {1}
12:18:09 : Monet(R):UNodeAction -name aaVerdiBlackboxReport -reset -data {  -delim {.}} -trigger

12:18:09 : Monet(S):aaMonetMasterUnblock -result {1}
12:18:09 : Monet(R):UNodeAction -name aaVerdiGlassboxReport -reset -data { -delim {.}} -trigger

12:18:09 : Monet(S):aaMonetMasterUnblock -result {1}
12:18:09 : Monet(R):UNodeAction -name aaVerdiSnipPointReport -reset -data {/home/ecelrc/students/jkhare/verif_labs/lab4/run/vcst_rtdb/.internal/verdi/snip_signals.list} -trigger

12:18:09 : Monet(S):aaMonetMasterUnblock -result {1}
12:18:09 : Monet(S):aaMonetMasterUnblock -result {1}
12:18:09 : Monet(R):UNodeAction -name aaAppInvokeAction -cmd {aaVerdiWaitAnnotation -trigger } -trigger

12:18:09 : Monet(S):aaMonetMasterUnblock -result {1}
12:18:09 : Monet(S):aaMonetMasterUnblock -result {1}
12:18:09 : Monet(R):UNodeAction -name aaAppInvokeAction -cmd {aaMonetSetReuseWave -data } -trigger

12:18:09 : Monet(S):aaMonetMasterUnblock -result {1}
12:18:09 : Monet(S):aaMonetBanffSavePropDBToStream -summary {1}
12:18:09 : Monet(S):aaMonetMasterUnblock -result {1}
12:18:09 : Monet(R):UNodeAction -name aaAppInvokeAction -cmd {aaMonetBanffSavePropDBToStream -reset -summary 1 -trigger } -trigger

12:18:09 : Monet(S):aaMonetMasterUnblock -result {1}
12:18:10 : Monet(R):UNodeAction -name aaVerdiSendSviCmd -reset -data {verdiVcstConstantReport -xmlFile /home/ecelrc/students/jkhare/verif_labs/lab4/run/vcst_rtdb/.internal/verdi/constant.xml } -trigger

12:18:14 : Monet(S):aaHierViewSrcDone -data {1}
12:18:15 : Monet(S):aaVerdiSendSviCmdDone -result {0} -success {1}
12:18:15 : Monet(S):aaMonetMasterUnblock -result {1}
12:18:15 : Monet(R):UNodeAction -name aaVerdiSendSviCmd -reset -data {schSetPreference -displayAbstractSrc on } -trigger

12:18:15 : Monet(S):aaVerdiSendSviCmdDone -result {1} -success {1}
12:18:15 : Monet(S):aaMonetMasterUnblock -result {1}
12:18:22 : Monet(R):UNodeAction -name aaMonetEvCheckFvStarted -data SEQ,SEQ -trigger

12:18:22 : Monet(R):UNodeAction -name aaVerdiEvSeqSetup -xml {/home/ecelrc/students/jkhare/verif_labs/lab4/run/vcst_rtdb/.internal/formal/verdiSeqMapping.xml} -trigger

12:18:22 : Monet(S):aaMonetBanffSavePropDBToStream -summary {1} -task {4}
12:18:22 : Monet(R):UNodeAction -name aaVerdiRefreshPropertyTable  -trigger

12:18:23 : Monet(S):aaMonetMasterUnblock -result {1}
12:18:23 : Monet(R):UNodeAction -name aaMonetEvBanffPropertyCount -data 2 -trigger

12:18:23 : Monet(R):UNodeAction -name aaMonetEvTwStarted  -trigger

12:18:23 : Monet(R):UNodeAction -name aaVerdiCmdTransport -reset -cmd verdiGetVcstCmdResult -args {<Command name="check_fv" status="1" />} -trigger

12:18:23 : Monet(S):aaMonetMasterUnblock -result {1}
12:18:23 : Monet(R):UNodeAction -name aaAppInvokeAction -cmd {aaVerdiProgressFileReady -data /home/ecelrc/students/jkhare/verif_labs/lab4/run/vcst_rtdb/.internal/verdi/gridUsage.xml0 -trigger } -trigger

12:18:23 : Monet(S):aaMonetMasterUnblock -result {1}
12:18:32 : Monet(R):UNodeAction -name aaMonetEvTwStopped  -trigger

12:18:32 : Monet(R):UNodeAction -name aaMonetEvCheckFvFinished -data 1 -tname SEQ,SEQ -trigger

12:18:46 : Monet(S):aaHierDataUpf -query {spec.product} -verdi {1}
12:18:46 : Monet(S):aaHierViewSrcDone -data {1}
12:18:46 : Monet(S):aaHierDataUpf -query {spec.product} -verdi {1}
12:18:46 : Monet(S):aaHierViewSrcDone -data {1}
