<_ma_/>

<_ma_/>

<_ma_/>

<_ma_/>

<_ma_/>

<_ma_/>

<_ma_/>

<_ma_/>

<_ma_/>

<_ma_/>

<_ma_/>

<_ma_/>

<_ma_/>

<_ma_/>

<_ma_/>

<_ma_/>

<_ma_/>

<_ma_/>

<_ma_/>

<_ma_/>

<_ma_/>

<_ma_/>

<_ma_/>

<_ma_/>

<_ma_/>

<_ma_/>

<_ma_/>

<_ma_/>

<_ma_/>

<_ma_/>

<_ma_/>

<_ma_/>

<_ma_/>

<_ma_/>

<_ma_/>

<_ma_/>

<_ma_/>

<_ma_/>

<_ma_/>

<_ma_/>

<_ma_/>

<_ma_/>

<_ma_/>

<_ma_/>

<_ma_/>

<_ma_/>

<_ma_/>

<_ma_/>

<_ma_/>



<_ma_/>



<_ma_/>

<_ma_/>

<_ma_/>

<_ma_/>

<_ma_/>



<_ma_/>



<_ma_/>



<_ma_/>



<_ma_/>



<_ma_/>

<_ma_/>

<_ma_/>

<_ma_/>

<_ma_/>

<_ma_/>

<_ma_/>

<_ma_/>

<_ma_/>

<_ma_/>

<_ma_/>

<_ma_/>

<_ma_/>

<_ma_/>

<_ma_/>

<_ma_/>

<_ma_/>

<_ma_/>

<_ma_/>

<_ma_/>

<_ma_/>

<_ma_/>

<_ma_/>

<_ma_/>

<_ma_/>

<_ma_/>

<_ma_/>

<_ma_/>

<_ma_/>

<_ma_/>

<_ma_/>

<_ma_/>

<_ma_/>

<_ma_/>

<_ma_/>

<_ma_/>

<_ma_/>

<_ma_/>

<_ma_/>

<_ma_/>

<_ma_/>

<_ma_/>

<_ma_/>

<_ma_/>

<_ma_/>

<_ma_/>

<_ma_/>

<_ma_/>

<_ma_/>

<_ma_/>

<_ma_/>

<_ma_/>

<_ma_/>

<_ma_/>

<_ma_/>



<_ma_/>



<_mp_/>

<_mp_/>

[31mError: could not open script file "run.tcl" (CMD-015)[0m



<_mp_/>

[31mError: ambiguous command 'export' matched 2 commands:

	(export_fault, export_non_obs_fault) (CMD-006)[0m

<_mp_/>

<_ma_/>

<_mp_/>

<_mx_/>

Interrupted, cancelling tasks...

