<_ma_/>

<_ma_/>

<_ma_/>

<_ma_/>

<_ma_/>

<_ma_/>

<_ma_/>

<_ma_/>

<_ma_/>

<_ma_/>

<_ma_/>

<_ma_/>

<_ma_/>

<_ma_/>

<_ma_/>

<_ma_/>

<_ma_/>

<_ma_/>

<_ma_/>

<_ma_/>

<_ma_/>

<_ma_/>

<_ma_/>

<_ma_/>

<_ma_/>

<_ma_/>

<_ma_/>

<_ma_/>

<_ma_/>

<_ma_/>

<_ma_/>

<_ma_/>

<_ma_/>

<_ma_/>

<_ma_/>

<_ma_/>

<_ma_/>

<_ma_/>

<_ma_/>

<_ma_/>

<_ma_/>

<_ma_/>

<_ma_/>

<_ma_/>

<_ma_/>

<_ma_/>

<_ma_/>

<_ma_/>

<_ma_/>



<_ma_/>



<_ma_/>

<_ma_/>

<_ma_/>

<_ma_/>

<_ma_/>



<_ma_/>



<_ma_/>



<_ma_/>



<_ma_/>



<_ma_/>

<_ma_/>

<_ma_/>

<_ma_/>

<_ma_/>

<_ma_/>

<_ma_/>

<_ma_/>

<_ma_/>

<_ma_/>

<_ma_/>

<_ma_/>

<_ma_/>

<_ma_/>

<_ma_/>

<_ma_/>

<_ma_/>

<_ma_/>

<_ma_/>

<_ma_/>

<_ma_/>

<_ma_/>

<_ma_/>

<_ma_/>

<_ma_/>

<_ma_/>

<_ma_/>

<_ma_/>

<_ma_/>

<_ma_/>

<_ma_/>

<_ma_/>

<_ma_/>

<_ma_/>

<_ma_/>

<_ma_/>

<_ma_/>

<_ma_/>

<_ma_/>

<_ma_/>

<_ma_/>

<_ma_/>

<_ma_/>

<_ma_/>

<_ma_/>

<_ma_/>

<_ma_/>

<_ma_/>

<_ma_/>

<_ma_/>

<_ma_/>

<_ma_/>

<_ma_/>

<_ma_/>

<_ma_/>



<_ma_/>



<_mp_/>

<_mp_/>

[31mError: could not open script file "run.tcl" (CMD-015)[0m



<_mp_/>

<_mx_/>

Interrupted, cancelling tasks...

